<?xml version="1.0" encoding="UTF-8"?>
<!-- Generated by org.testng.reporters.JUnitReportReporter -->
<testsuite hostname="b122670-pc" failures="0" tests="4" name="selenium_practice1.main.testcases.VibloPageTest" time="0.916" errors="0" timestamp="30 May 2023 09:34:20 GMT" skipped="0">
  <testcase classname="selenium_practice1.main.testcases.VibloPageTest" name="checkRequiredPassword" time="0.294"/>
  <testcase classname="selenium_practice1.main.testcases.VibloPageTest" name="checkRequiredBothField" time="0.310"/>
  <testcase classname="selenium_practice1.main.testcases.VibloPageTest" name="checkRequiredEmail" time="0.296"/>
  <testcase classname="selenium_practice1.main.testcases.VibloPageTest" name="checkLoginTitle" time="0.016"/>
</testsuite> <!-- selenium_practice1.main.testcases.VibloPageTest -->
